<?xml version="1.0" encoding="UTF-8"?>
<testsuite xmlns:xsi="http://www.w3.org/2001/XMLSchema-instance" xsi:noNamespaceSchemaLocation="https://maven.apache.org/surefire/maven-surefire-plugin/xsd/surefire-test-report-3.0.xsd" version="3.0" name="TestSuite" time="308.396" tests="11" errors="0" skipped="0" failures="0">
  <properties>
    <property name="surefire.suiteXmlFiles" value="dicarloSynMon.xml"/>
    <property name="java.specification.version" value="22"/>
    <property name="sun.jnu.encoding" value="UTF-8"/>
    <property name="java.class.path" value="/Users/senuriranatunga/Workspace/cut-dry-synthetic-monitoring-restaurant/target/test-classes:/Users/senuriranatunga/Workspace/cut-dry-synthetic-monitoring-restaurant/target/classes:/Users/senuriranatunga/.m2/repository/org/seleniumhq/selenium/selenium-java/4.25.0/selenium-java-4.25.0.jar:/Users/senuriranatunga/.m2/repository/org/seleniumhq/selenium/selenium-api/4.25.0/selenium-api-4.25.0.jar:/Users/senuriranatunga/.m2/repository/org/jspecify/jspecify/1.0.0/jspecify-1.0.0.jar:/Users/senuriranatunga/.m2/repository/org/seleniumhq/selenium/selenium-chrome-driver/4.25.0/selenium-chrome-driver-4.25.0.jar:/Users/senuriranatunga/.m2/repository/com/google/auto/service/auto-service-annotations/1.1.1/auto-service-annotations-1.1.1.jar:/Users/senuriranatunga/.m2/repository/org/seleniumhq/selenium/selenium-chromium-driver/4.25.0/selenium-chromium-driver-4.25.0.jar:/Users/senuriranatunga/.m2/repository/org/seleniumhq/selenium/selenium-json/4.25.0/selenium-json-4.25.0.jar:/Users/senuriranatunga/.m2/repository/org/seleniumhq/selenium/selenium-manager/4.25.0/selenium-manager-4.25.0.jar:/Users/senuriranatunga/.m2/repository/org/seleniumhq/selenium/selenium-devtools-v127/4.25.0/selenium-devtools-v127-4.25.0.jar:/Users/senuriranatunga/.m2/repository/org/seleniumhq/selenium/selenium-devtools-v128/4.25.0/selenium-devtools-v128-4.25.0.jar:/Users/senuriranatunga/.m2/repository/org/seleniumhq/selenium/selenium-devtools-v129/4.25.0/selenium-devtools-v129-4.25.0.jar:/Users/senuriranatunga/.m2/repository/org/seleniumhq/selenium/selenium-devtools-v85/4.25.0/selenium-devtools-v85-4.25.0.jar:/Users/senuriranatunga/.m2/repository/org/seleniumhq/selenium/selenium-edge-driver/4.25.0/selenium-edge-driver-4.25.0.jar:/Users/senuriranatunga/.m2/repository/org/seleniumhq/selenium/selenium-firefox-driver/4.25.0/selenium-firefox-driver-4.25.0.jar:/Users/senuriranatunga/.m2/repository/org/seleniumhq/selenium/selenium-http/4.25.0/selenium-http-4.25.0.jar:/Users/senuriranatunga/.m2/repository/dev/failsafe/failsafe/3.3.2/failsafe-3.3.2.jar:/Users/senuriranatunga/.m2/repository/org/seleniumhq/selenium/selenium-ie-driver/4.25.0/selenium-ie-driver-4.25.0.jar:/Users/senuriranatunga/.m2/repository/org/seleniumhq/selenium/selenium-remote-driver/4.25.0/selenium-remote-driver-4.25.0.jar:/Users/senuriranatunga/.m2/repository/com/google/guava/guava/33.3.0-jre/guava-33.3.0-jre.jar:/Users/senuriranatunga/.m2/repository/com/google/guava/failureaccess/1.0.2/failureaccess-1.0.2.jar:/Users/senuriranatunga/.m2/repository/com/google/guava/listenablefuture/9999.0-empty-to-avoid-conflict-with-guava/listenablefuture-9999.0-empty-to-avoid-conflict-with-guava.jar:/Users/senuriranatunga/.m2/repository/com/google/code/findbugs/jsr305/3.0.2/jsr305-3.0.2.jar:/Users/senuriranatunga/.m2/repository/org/checkerframework/checker-qual/3.43.0/checker-qual-3.43.0.jar:/Users/senuriranatunga/.m2/repository/com/google/errorprone/error_prone_annotations/2.28.0/error_prone_annotations-2.28.0.jar:/Users/senuriranatunga/.m2/repository/com/google/j2objc/j2objc-annotations/3.0.0/j2objc-annotations-3.0.0.jar:/Users/senuriranatunga/.m2/repository/io/opentelemetry/semconv/opentelemetry-semconv/1.25.0-alpha/opentelemetry-semconv-1.25.0-alpha.jar:/Users/senuriranatunga/.m2/repository/io/opentelemetry/opentelemetry-api/1.42.1/opentelemetry-api-1.42.1.jar:/Users/senuriranatunga/.m2/repository/io/opentelemetry/opentelemetry-context/1.42.1/opentelemetry-context-1.42.1.jar:/Users/senuriranatunga/.m2/repository/io/opentelemetry/opentelemetry-exporter-logging/1.42.1/opentelemetry-exporter-logging-1.42.1.jar:/Users/senuriranatunga/.m2/repository/io/opentelemetry/opentelemetry-sdk-common/1.42.1/opentelemetry-sdk-common-1.42.1.jar:/Users/senuriranatunga/.m2/repository/io/opentelemetry/opentelemetry-sdk-extension-autoconfigure-spi/1.42.1/opentelemetry-sdk-extension-autoconfigure-spi-1.42.1.jar:/Users/senuriranatunga/.m2/repository/io/opentelemetry/opentelemetry-sdk-extension-autoconfigure/1.42.1/opentelemetry-sdk-extension-autoconfigure-1.42.1.jar:/Users/senuriranatunga/.m2/repository/io/opentelemetry/opentelemetry-api-incubator/1.42.1-alpha/opentelemetry-api-incubator-1.42.1-alpha.jar:/Users/senuriranatunga/.m2/repository/io/opentelemetry/opentelemetry-sdk-trace/1.42.1/opentelemetry-sdk-trace-1.42.1.jar:/Users/senuriranatunga/.m2/repository/io/opentelemetry/opentelemetry-sdk/1.42.1/opentelemetry-sdk-1.42.1.jar:/Users/senuriranatunga/.m2/repository/io/opentelemetry/opentelemetry-sdk-metrics/1.42.1/opentelemetry-sdk-metrics-1.42.1.jar:/Users/senuriranatunga/.m2/repository/io/opentelemetry/opentelemetry-sdk-logs/1.42.1/opentelemetry-sdk-logs-1.42.1.jar:/Users/senuriranatunga/.m2/repository/net/bytebuddy/byte-buddy/1.15.1/byte-buddy-1.15.1.jar:/Users/senuriranatunga/.m2/repository/org/seleniumhq/selenium/selenium-os/4.25.0/selenium-os-4.25.0.jar:/Users/senuriranatunga/.m2/repository/org/apache/commons/commons-exec/1.4.0/commons-exec-1.4.0.jar:/Users/senuriranatunga/.m2/repository/org/seleniumhq/selenium/selenium-safari-driver/4.25.0/selenium-safari-driver-4.25.0.jar:/Users/senuriranatunga/.m2/repository/org/seleniumhq/selenium/selenium-support/4.25.0/selenium-support-4.25.0.jar:/Users/senuriranatunga/.m2/repository/org/testng/testng/7.10.2/testng-7.10.2.jar:/Users/senuriranatunga/.m2/repository/org/slf4j/slf4j-api/1.7.36/slf4j-api-1.7.36.jar:/Users/senuriranatunga/.m2/repository/com/beust/jcommander/1.82/jcommander-1.82.jar:/Users/senuriranatunga/.m2/repository/org/webjars/jquery/3.7.1/jquery-3.7.1.jar:/Users/senuriranatunga/.m2/repository/com/fasterxml/jackson/core/jackson-databind/2.17.2/jackson-databind-2.17.2.jar:/Users/senuriranatunga/.m2/repository/com/fasterxml/jackson/core/jackson-annotations/2.17.2/jackson-annotations-2.17.2.jar:/Users/senuriranatunga/.m2/repository/com/fasterxml/jackson/core/jackson-core/2.17.2/jackson-core-2.17.2.jar:/Users/senuriranatunga/.m2/repository/org/projectlombok/lombok/1.18.34/lombok-1.18.34.jar:/Users/senuriranatunga/.m2/repository/org/slf4j/slf4j-simple/1.7.32/slf4j-simple-1.7.32.jar:/Users/senuriranatunga/.m2/repository/com/squareup/okhttp3/okhttp/5.0.0-alpha.14/okhttp-5.0.0-alpha.14.jar:/Users/senuriranatunga/.m2/repository/com/squareup/okio/okio-jvm/3.9.0/okio-jvm-3.9.0.jar:/Users/senuriranatunga/.m2/repository/org/jetbrains/kotlin/kotlin-stdlib/1.9.23/kotlin-stdlib-1.9.23.jar:/Users/senuriranatunga/.m2/repository/org/jetbrains/annotations/13.0/annotations-13.0.jar:/Users/senuriranatunga/.m2/repository/org/json/json/20240303/json-20240303.jar:/Users/senuriranatunga/.m2/repository/commons-io/commons-io/2.16.1/commons-io-2.16.1.jar:/Users/senuriranatunga/.m2/repository/io/rest-assured/rest-assured/5.5.0/rest-assured-5.5.0.jar:/Users/senuriranatunga/.m2/repository/org/apache/groovy/groovy/4.0.22/groovy-4.0.22.jar:/Users/senuriranatunga/.m2/repository/org/apache/groovy/groovy-xml/4.0.22/groovy-xml-4.0.22.jar:/Users/senuriranatunga/.m2/repository/org/apache/httpcomponents/httpclient/4.5.13/httpclient-4.5.13.jar:/Users/senuriranatunga/.m2/repository/org/apache/httpcomponents/httpcore/4.4.13/httpcore-4.4.13.jar:/Users/senuriranatunga/.m2/repository/commons-logging/commons-logging/1.2/commons-logging-1.2.jar:/Users/senuriranatunga/.m2/repository/commons-codec/commons-codec/1.11/commons-codec-1.11.jar:/Users/senuriranatunga/.m2/repository/org/apache/httpcomponents/httpmime/4.5.13/httpmime-4.5.13.jar:/Users/senuriranatunga/.m2/repository/org/hamcrest/hamcrest/2.2/hamcrest-2.2.jar:/Users/senuriranatunga/.m2/repository/org/ccil/cowan/tagsoup/tagsoup/1.2.1/tagsoup-1.2.1.jar:/Users/senuriranatunga/.m2/repository/io/rest-assured/json-path/5.5.0/json-path-5.5.0.jar:/Users/senuriranatunga/.m2/repository/org/apache/groovy/groovy-json/4.0.22/groovy-json-4.0.22.jar:/Users/senuriranatunga/.m2/repository/io/rest-assured/rest-assured-common/5.5.0/rest-assured-common-5.5.0.jar:/Users/senuriranatunga/.m2/repository/io/rest-assured/xml-path/5.5.0/xml-path-5.5.0.jar:/Users/senuriranatunga/.m2/repository/org/apache/commons/commons-lang3/3.11/commons-lang3-3.11.jar:"/>
    <property name="java.vm.vendor" value="Homebrew"/>
    <property name="sun.arch.data.model" value="64"/>
    <property name="java.vendor.url" value="https://github.com/Homebrew/homebrew-core/issues"/>
    <property name="user.timezone" value="Asia/Colombo"/>
    <property name="os.name" value="Mac OS X"/>
    <property name="java.vm.specification.version" value="22"/>
    <property name="sun.java.launcher" value="SUN_STANDARD"/>
    <property name="user.country" value="US"/>
    <property name="sun.boot.library.path" value="/opt/homebrew/Cellar/openjdk/22.0.2/libexec/openjdk.jdk/Contents/Home/lib"/>
    <property name="sun.java.command" value="/Users/senuriranatunga/Workspace/cut-dry-synthetic-monitoring-restaurant/target/surefire/surefirebooter-20241030115635586_3.jar /Users/senuriranatunga/Workspace/cut-dry-synthetic-monitoring-restaurant/target/surefire 2024-10-30T11-56-35_539-jvmRun1 surefire-20241030115635586_1tmp surefire_0-20241030115635586_2tmp"/>
    <property name="http.nonProxyHosts" value="local|*.local|169.254/16|*.169.254/16"/>
    <property name="jdk.debug" value="release"/>
    <property name="surefire.test.class.path" value="/Users/senuriranatunga/Workspace/cut-dry-synthetic-monitoring-restaurant/target/test-classes:/Users/senuriranatunga/Workspace/cut-dry-synthetic-monitoring-restaurant/target/classes:/Users/senuriranatunga/.m2/repository/org/seleniumhq/selenium/selenium-java/4.25.0/selenium-java-4.25.0.jar:/Users/senuriranatunga/.m2/repository/org/seleniumhq/selenium/selenium-api/4.25.0/selenium-api-4.25.0.jar:/Users/senuriranatunga/.m2/repository/org/jspecify/jspecify/1.0.0/jspecify-1.0.0.jar:/Users/senuriranatunga/.m2/repository/org/seleniumhq/selenium/selenium-chrome-driver/4.25.0/selenium-chrome-driver-4.25.0.jar:/Users/senuriranatunga/.m2/repository/com/google/auto/service/auto-service-annotations/1.1.1/auto-service-annotations-1.1.1.jar:/Users/senuriranatunga/.m2/repository/org/seleniumhq/selenium/selenium-chromium-driver/4.25.0/selenium-chromium-driver-4.25.0.jar:/Users/senuriranatunga/.m2/repository/org/seleniumhq/selenium/selenium-json/4.25.0/selenium-json-4.25.0.jar:/Users/senuriranatunga/.m2/repository/org/seleniumhq/selenium/selenium-manager/4.25.0/selenium-manager-4.25.0.jar:/Users/senuriranatunga/.m2/repository/org/seleniumhq/selenium/selenium-devtools-v127/4.25.0/selenium-devtools-v127-4.25.0.jar:/Users/senuriranatunga/.m2/repository/org/seleniumhq/selenium/selenium-devtools-v128/4.25.0/selenium-devtools-v128-4.25.0.jar:/Users/senuriranatunga/.m2/repository/org/seleniumhq/selenium/selenium-devtools-v129/4.25.0/selenium-devtools-v129-4.25.0.jar:/Users/senuriranatunga/.m2/repository/org/seleniumhq/selenium/selenium-devtools-v85/4.25.0/selenium-devtools-v85-4.25.0.jar:/Users/senuriranatunga/.m2/repository/org/seleniumhq/selenium/selenium-edge-driver/4.25.0/selenium-edge-driver-4.25.0.jar:/Users/senuriranatunga/.m2/repository/org/seleniumhq/selenium/selenium-firefox-driver/4.25.0/selenium-firefox-driver-4.25.0.jar:/Users/senuriranatunga/.m2/repository/org/seleniumhq/selenium/selenium-http/4.25.0/selenium-http-4.25.0.jar:/Users/senuriranatunga/.m2/repository/dev/failsafe/failsafe/3.3.2/failsafe-3.3.2.jar:/Users/senuriranatunga/.m2/repository/org/seleniumhq/selenium/selenium-ie-driver/4.25.0/selenium-ie-driver-4.25.0.jar:/Users/senuriranatunga/.m2/repository/org/seleniumhq/selenium/selenium-remote-driver/4.25.0/selenium-remote-driver-4.25.0.jar:/Users/senuriranatunga/.m2/repository/com/google/guava/guava/33.3.0-jre/guava-33.3.0-jre.jar:/Users/senuriranatunga/.m2/repository/com/google/guava/failureaccess/1.0.2/failureaccess-1.0.2.jar:/Users/senuriranatunga/.m2/repository/com/google/guava/listenablefuture/9999.0-empty-to-avoid-conflict-with-guava/listenablefuture-9999.0-empty-to-avoid-conflict-with-guava.jar:/Users/senuriranatunga/.m2/repository/com/google/code/findbugs/jsr305/3.0.2/jsr305-3.0.2.jar:/Users/senuriranatunga/.m2/repository/org/checkerframework/checker-qual/3.43.0/checker-qual-3.43.0.jar:/Users/senuriranatunga/.m2/repository/com/google/errorprone/error_prone_annotations/2.28.0/error_prone_annotations-2.28.0.jar:/Users/senuriranatunga/.m2/repository/com/google/j2objc/j2objc-annotations/3.0.0/j2objc-annotations-3.0.0.jar:/Users/senuriranatunga/.m2/repository/io/opentelemetry/semconv/opentelemetry-semconv/1.25.0-alpha/opentelemetry-semconv-1.25.0-alpha.jar:/Users/senuriranatunga/.m2/repository/io/opentelemetry/opentelemetry-api/1.42.1/opentelemetry-api-1.42.1.jar:/Users/senuriranatunga/.m2/repository/io/opentelemetry/opentelemetry-context/1.42.1/opentelemetry-context-1.42.1.jar:/Users/senuriranatunga/.m2/repository/io/opentelemetry/opentelemetry-exporter-logging/1.42.1/opentelemetry-exporter-logging-1.42.1.jar:/Users/senuriranatunga/.m2/repository/io/opentelemetry/opentelemetry-sdk-common/1.42.1/opentelemetry-sdk-common-1.42.1.jar:/Users/senuriranatunga/.m2/repository/io/opentelemetry/opentelemetry-sdk-extension-autoconfigure-spi/1.42.1/opentelemetry-sdk-extension-autoconfigure-spi-1.42.1.jar:/Users/senuriranatunga/.m2/repository/io/opentelemetry/opentelemetry-sdk-extension-autoconfigure/1.42.1/opentelemetry-sdk-extension-autoconfigure-1.42.1.jar:/Users/senuriranatunga/.m2/repository/io/opentelemetry/opentelemetry-api-incubator/1.42.1-alpha/opentelemetry-api-incubator-1.42.1-alpha.jar:/Users/senuriranatunga/.m2/repository/io/opentelemetry/opentelemetry-sdk-trace/1.42.1/opentelemetry-sdk-trace-1.42.1.jar:/Users/senuriranatunga/.m2/repository/io/opentelemetry/opentelemetry-sdk/1.42.1/opentelemetry-sdk-1.42.1.jar:/Users/senuriranatunga/.m2/repository/io/opentelemetry/opentelemetry-sdk-metrics/1.42.1/opentelemetry-sdk-metrics-1.42.1.jar:/Users/senuriranatunga/.m2/repository/io/opentelemetry/opentelemetry-sdk-logs/1.42.1/opentelemetry-sdk-logs-1.42.1.jar:/Users/senuriranatunga/.m2/repository/net/bytebuddy/byte-buddy/1.15.1/byte-buddy-1.15.1.jar:/Users/senuriranatunga/.m2/repository/org/seleniumhq/selenium/selenium-os/4.25.0/selenium-os-4.25.0.jar:/Users/senuriranatunga/.m2/repository/org/apache/commons/commons-exec/1.4.0/commons-exec-1.4.0.jar:/Users/senuriranatunga/.m2/repository/org/seleniumhq/selenium/selenium-safari-driver/4.25.0/selenium-safari-driver-4.25.0.jar:/Users/senuriranatunga/.m2/repository/org/seleniumhq/selenium/selenium-support/4.25.0/selenium-support-4.25.0.jar:/Users/senuriranatunga/.m2/repository/org/testng/testng/7.10.2/testng-7.10.2.jar:/Users/senuriranatunga/.m2/repository/org/slf4j/slf4j-api/1.7.36/slf4j-api-1.7.36.jar:/Users/senuriranatunga/.m2/repository/com/beust/jcommander/1.82/jcommander-1.82.jar:/Users/senuriranatunga/.m2/repository/org/webjars/jquery/3.7.1/jquery-3.7.1.jar:/Users/senuriranatunga/.m2/repository/com/fasterxml/jackson/core/jackson-databind/2.17.2/jackson-databind-2.17.2.jar:/Users/senuriranatunga/.m2/repository/com/fasterxml/jackson/core/jackson-annotations/2.17.2/jackson-annotations-2.17.2.jar:/Users/senuriranatunga/.m2/repository/com/fasterxml/jackson/core/jackson-core/2.17.2/jackson-core-2.17.2.jar:/Users/senuriranatunga/.m2/repository/org/projectlombok/lombok/1.18.34/lombok-1.18.34.jar:/Users/senuriranatunga/.m2/repository/org/slf4j/slf4j-simple/1.7.32/slf4j-simple-1.7.32.jar:/Users/senuriranatunga/.m2/repository/com/squareup/okhttp3/okhttp/5.0.0-alpha.14/okhttp-5.0.0-alpha.14.jar:/Users/senuriranatunga/.m2/repository/com/squareup/okio/okio-jvm/3.9.0/okio-jvm-3.9.0.jar:/Users/senuriranatunga/.m2/repository/org/jetbrains/kotlin/kotlin-stdlib/1.9.23/kotlin-stdlib-1.9.23.jar:/Users/senuriranatunga/.m2/repository/org/jetbrains/annotations/13.0/annotations-13.0.jar:/Users/senuriranatunga/.m2/repository/org/json/json/20240303/json-20240303.jar:/Users/senuriranatunga/.m2/repository/commons-io/commons-io/2.16.1/commons-io-2.16.1.jar:/Users/senuriranatunga/.m2/repository/io/rest-assured/rest-assured/5.5.0/rest-assured-5.5.0.jar:/Users/senuriranatunga/.m2/repository/org/apache/groovy/groovy/4.0.22/groovy-4.0.22.jar:/Users/senuriranatunga/.m2/repository/org/apache/groovy/groovy-xml/4.0.22/groovy-xml-4.0.22.jar:/Users/senuriranatunga/.m2/repository/org/apache/httpcomponents/httpclient/4.5.13/httpclient-4.5.13.jar:/Users/senuriranatunga/.m2/repository/org/apache/httpcomponents/httpcore/4.4.13/httpcore-4.4.13.jar:/Users/senuriranatunga/.m2/repository/commons-logging/commons-logging/1.2/commons-logging-1.2.jar:/Users/senuriranatunga/.m2/repository/commons-codec/commons-codec/1.11/commons-codec-1.11.jar:/Users/senuriranatunga/.m2/repository/org/apache/httpcomponents/httpmime/4.5.13/httpmime-4.5.13.jar:/Users/senuriranatunga/.m2/repository/org/hamcrest/hamcrest/2.2/hamcrest-2.2.jar:/Users/senuriranatunga/.m2/repository/org/ccil/cowan/tagsoup/tagsoup/1.2.1/tagsoup-1.2.1.jar:/Users/senuriranatunga/.m2/repository/io/rest-assured/json-path/5.5.0/json-path-5.5.0.jar:/Users/senuriranatunga/.m2/repository/org/apache/groovy/groovy-json/4.0.22/groovy-json-4.0.22.jar:/Users/senuriranatunga/.m2/repository/io/rest-assured/rest-assured-common/5.5.0/rest-assured-common-5.5.0.jar:/Users/senuriranatunga/.m2/repository/io/rest-assured/xml-path/5.5.0/xml-path-5.5.0.jar:/Users/senuriranatunga/.m2/repository/org/apache/commons/commons-lang3/3.11/commons-lang3-3.11.jar:"/>
    <property name="sun.cpu.endian" value="little"/>
    <property name="user.home" value="/Users/senuriranatunga"/>
    <property name="user.language" value="en"/>
    <property name="java.specification.vendor" value="Oracle Corporation"/>
    <property name="java.version.date" value="2024-07-16"/>
    <property name="java.home" value="/opt/homebrew/Cellar/openjdk/22.0.2/libexec/openjdk.jdk/Contents/Home"/>
    <property name="file.separator" value="/"/>
    <property name="basedir" value="/Users/senuriranatunga/Workspace/cut-dry-synthetic-monitoring-restaurant"/>
    <property name="java.vm.compressedOopsMode" value="Zero based"/>
    <property name="line.separator" value="&#10;"/>
    <property name="java.vm.specification.vendor" value="Oracle Corporation"/>
    <property name="java.specification.name" value="Java Platform API Specification"/>
    <property name="apple.awt.application.name" value="ForkedBooter"/>
    <property name="surefire.real.class.path" value="/Users/senuriranatunga/Workspace/cut-dry-synthetic-monitoring-restaurant/target/surefire/surefirebooter-20241030115635586_3.jar"/>
    <property name="sun.management.compiler" value="HotSpot 64-Bit Tiered Compilers"/>
    <property name="ftp.nonProxyHosts" value="local|*.local|169.254/16|*.169.254/16"/>
    <property name="java.runtime.version" value="22.0.2"/>
    <property name="user.name" value="senuriranatunga"/>
    <property name="stdout.encoding" value="UTF-8"/>
    <property name="path.separator" value=":"/>
    <property name="os.version" value="15.0.1"/>
    <property name="java.runtime.name" value="OpenJDK Runtime Environment"/>
    <property name="file.encoding" value="UTF-8"/>
    <property name="java.vm.name" value="OpenJDK 64-Bit Server VM"/>
    <property name="java.vendor.version" value="Homebrew"/>
    <property name="localRepository" value="/Users/senuriranatunga/.m2/repository"/>
    <property name="java.vendor.url.bug" value="https://github.com/Homebrew/homebrew-core/issues"/>
    <property name="java.io.tmpdir" value="/var/folders/fv/5hy5g0kn5c7c57ffw18vvstm0000gn/T/"/>
    <property name="java.version" value="22.0.2"/>
    <property name="user.dir" value="/Users/senuriranatunga/Workspace/cut-dry-synthetic-monitoring-restaurant"/>
    <property name="os.arch" value="aarch64"/>
    <property name="java.vm.specification.name" value="Java Virtual Machine Specification"/>
    <property name="native.encoding" value="UTF-8"/>
    <property name="java.library.path" value="/Users/senuriranatunga/Library/Java/Extensions:/Library/Java/Extensions:/Network/Library/Java/Extensions:/System/Library/Java/Extensions:/usr/lib/java:."/>
    <property name="java.vm.info" value="mixed mode, sharing"/>
    <property name="stderr.encoding" value="UTF-8"/>
    <property name="java.vendor" value="Homebrew"/>
    <property name="java.vm.version" value="22.0.2"/>
    <property name="sun.io.unicode.encoding" value="UnicodeBig"/>
    <property name="run.headless" value="true"/>
    <property name="socksNonProxyHosts" value="local|*.local|169.254/16|*.169.254/16"/>
    <property name="java.class.version" value="66.0"/>
  </properties>
  <testcase name="VerifyCustomerOrderGuide" classname="com.cutanddry.qa.synthetic_monitoring.dicarlo.VerifyCustomerOrderGuideTest" time="29.399">
    <system-err><![CDATA[Oct 30, 2024 11:56:36 AM org.openqa.selenium.manager.SeleniumManager lambda$runCommand$1
WARNING: The chromedriver version (129.0.6668.58) detected in PATH at /usr/local/bin/chromedriver might not be compatible with the detected chrome version (130.0.6723.91); currently, chromedriver 130.0.6723.91 is recommended for chrome 130.*, so it is advised to delete the driver in PATH and retry
Oct 30, 2024 11:56:37 AM org.openqa.selenium.devtools.CdpVersionFinder findNearestMatch
WARNING: Unable to find an exact match for CDP version 130, returning the closest version; found: 129; Please update to a Selenium version that supports CDP version 130
Oct 30, 2024 11:56:40 AM com.cutanddry.qa.base.TestBase initialization
INFO: WebDriver initialized and navigated to the URL: https://app.cutanddry.com/
[TestNG-tests-1] INFO com.cutanddry.qa.base.KeywordBase - Sent keys to element: By.xpath: //input[@placeholder='Email or mobile'] with data: 415-505-5531
[TestNG-tests-1] INFO com.cutanddry.qa.base.KeywordBase - Sent keys to element: By.xpath: //input[@placeholder='Password'] with data: NovaN@123
[TestNG-tests-1] INFO com.cutanddry.qa.base.KeywordBase - Clicked on element: By.xpath: //button[@type='submit']
[TestNG-tests-1] INFO com.cutanddry.qa.base.KeywordBase - Waited for visibility of element: By.xpath: //div[text()='Place Order']
[TestNG-tests-1] INFO com.cutanddry.qa.base.KeywordBase - Element is displayed: By.xpath: //div[text()='Place Order']
[TestNG-tests-1] INFO com.cutanddry.qa.base.KeywordBase - Navigated to URL: https://internal.cutanddry.com/internaltools/loginas
[TestNG-tests-1] INFO com.cutanddry.qa.base.KeywordBase - Sent keys to element: By.xpath: //div[text()='Select...']/following::input[@type='text'] with data: 238822705
[TestNG-tests-1] INFO com.cutanddry.qa.base.KeywordBase - Element is displayed: By.xpath: //div[contains(@class, 'css-1n7v3ny-option') and contains(text(), '238822705')]
[TestNG-tests-1] INFO com.cutanddry.qa.base.KeywordBase - Clicked on element: By.xpath: //div[contains(@class, 'css-1n7v3ny-option') and contains(text(), '238822705')]
[TestNG-tests-1] INFO com.cutanddry.qa.base.KeywordBase - Got attribute 'href' value from element: By.xpath: //a[contains(text(), 'Login As')] - Value: https://dicarlo.cutanddry.com/loginas/user/238822705?access_token=MWM5ODJkMDVkMjAzMzJmZmY1NjEyZmIyN2MxOTE1N2ZhYzI2YzA5M2IwMGUwNmI0NzVhODZjNTIxNjc3N2Q5MzE3MzAyNzMyMTE6MjA2MDM4MzUy
[TestNG-tests-1] INFO com.cutanddry.qa.base.KeywordBase - Navigated to URL: https://dicarlo.cutanddry.com/loginas/user/238822705?access_token=MWM5ODJkMDVkMjAzMzJmZmY1NjEyZmIyN2MxOTE1N2ZhYzI2YzA5M2IwMGUwNmI0NzVhODZjNTIxNjc3N2Q5MzE3MzAyNzMyMTE6MjA2MDM4MzUy
[TestNG-tests-1] INFO com.cutanddry.qa.base.KeywordBase - Clicked on element: By.xpath: //a[@data-tip='Place Order']
[TestNG-tests-1] INFO com.cutanddry.qa.base.KeywordBase - Waited for visibility of element: By.xpath: //div[contains(text(),'Order Guide')]
[TestNG-tests-1] INFO com.cutanddry.qa.base.KeywordBase - Element is displayed: By.xpath: //div[contains(text(),'Order Guide')]
]]></system-err>
  </testcase>
  <testcase name="VerifyCustomerCatalog" classname="com.cutanddry.qa.synthetic_monitoring.dicarlo.VerifyCustomerCatalogTest" time="31.432">
    <system-err><![CDATA[Oct 30, 2024 11:57:10 AM com.cutanddry.qa.base.TestBase closeAllBrowsers
INFO: All browsers are closed.
Oct 30, 2024 11:57:10 AM org.openqa.selenium.manager.SeleniumManager lambda$runCommand$1
WARNING: The chromedriver version (129.0.6668.58) detected in PATH at /usr/local/bin/chromedriver might not be compatible with the detected chrome version (130.0.6723.91); currently, chromedriver 130.0.6723.91 is recommended for chrome 130.*, so it is advised to delete the driver in PATH and retry
Oct 30, 2024 11:57:11 AM org.openqa.selenium.devtools.CdpVersionFinder findNearestMatch
WARNING: Unable to find an exact match for CDP version 130, returning the closest version; found: 129; Please update to a Selenium version that supports CDP version 130
Oct 30, 2024 11:57:14 AM com.cutanddry.qa.base.TestBase initialization
INFO: WebDriver initialized and navigated to the URL: https://app.cutanddry.com/
[TestNG-tests-1] INFO com.cutanddry.qa.base.KeywordBase - Sent keys to element: By.xpath: //input[@placeholder='Email or mobile'] with data: 415-505-5531
[TestNG-tests-1] INFO com.cutanddry.qa.base.KeywordBase - Sent keys to element: By.xpath: //input[@placeholder='Password'] with data: NovaN@123
[TestNG-tests-1] INFO com.cutanddry.qa.base.KeywordBase - Clicked on element: By.xpath: //button[@type='submit']
[TestNG-tests-1] INFO com.cutanddry.qa.base.KeywordBase - Waited for visibility of element: By.xpath: //div[text()='Place Order']
[TestNG-tests-1] INFO com.cutanddry.qa.base.KeywordBase - Element is displayed: By.xpath: //div[text()='Place Order']
[TestNG-tests-1] INFO com.cutanddry.qa.base.KeywordBase - Navigated to URL: https://internal.cutanddry.com/internaltools/loginas
[TestNG-tests-1] INFO com.cutanddry.qa.base.KeywordBase - Sent keys to element: By.xpath: //div[text()='Select...']/following::input[@type='text'] with data: 238822705
[TestNG-tests-1] INFO com.cutanddry.qa.base.KeywordBase - Element is displayed: By.xpath: //div[contains(@class, 'css-1n7v3ny-option') and contains(text(), '238822705')]
[TestNG-tests-1] INFO com.cutanddry.qa.base.KeywordBase - Clicked on element: By.xpath: //div[contains(@class, 'css-1n7v3ny-option') and contains(text(), '238822705')]
[TestNG-tests-1] INFO com.cutanddry.qa.base.KeywordBase - Got attribute 'href' value from element: By.xpath: //a[contains(text(), 'Login As')] - Value: https://dicarlo.cutanddry.com/loginas/user/238822705?access_token=NDM4YzFjMmQ0MWRmYWNiN2U3MDgyYWMyNzUyODYzYTI2ZmRjMmU2NDQ1Nzg1NDBkNTJjN2ViOTdkOTBmZGI1NTE3MzAyNzMyNDY6MjA2MDM4MzUy
[TestNG-tests-1] INFO com.cutanddry.qa.base.KeywordBase - Navigated to URL: https://dicarlo.cutanddry.com/loginas/user/238822705?access_token=NDM4YzFjMmQ0MWRmYWNiN2U3MDgyYWMyNzUyODYzYTI2ZmRjMmU2NDQ1Nzg1NDBkNTJjN2ViOTdkOTBmZGI1NTE3MzAyNzMyNDY6MjA2MDM4MzUy
[TestNG-tests-1] INFO com.cutanddry.qa.base.KeywordBase - Clicked on element: By.xpath: //a[@data-tip='Place Order']
[TestNG-tests-1] INFO com.cutanddry.qa.base.KeywordBase - Waited for visibility of element: By.xpath: //div[contains(text(),'Order Guide')]
[TestNG-tests-1] INFO com.cutanddry.qa.base.KeywordBase - Element is displayed: By.xpath: //div[contains(text(),'Order Guide')]
[TestNG-tests-1] INFO com.cutanddry.qa.base.KeywordBase - Waited for clickability of element: By.xpath: //div[text()='Catalog']
[TestNG-tests-1] INFO com.cutanddry.qa.base.KeywordBase - Clicked on element: By.xpath: //div[text()='Catalog']
[TestNG-tests-1] INFO com.cutanddry.qa.base.KeywordBase - Waited for visibility of element: By.xpath: //div[text()='All Items']
[TestNG-tests-1] INFO com.cutanddry.qa.base.KeywordBase - Element is displayed: By.xpath: //div[text()='All Items']
]]></system-err>
  </testcase>
  <testcase name="VerifyCustomerEdit" classname="com.cutanddry.qa.synthetic_monitoring.dicarlo.VerifyCustomerEditTest" time="40.053">
    <system-err><![CDATA[Oct 30, 2024 11:57:46 AM com.cutanddry.qa.base.TestBase closeAllBrowsers
INFO: All browsers are closed.
Oct 30, 2024 11:57:46 AM org.openqa.selenium.manager.SeleniumManager lambda$runCommand$1
WARNING: The chromedriver version (129.0.6668.58) detected in PATH at /usr/local/bin/chromedriver might not be compatible with the detected chrome version (130.0.6723.91); currently, chromedriver 130.0.6723.91 is recommended for chrome 130.*, so it is advised to delete the driver in PATH and retry
Oct 30, 2024 11:57:47 AM org.openqa.selenium.devtools.CdpVersionFinder findNearestMatch
WARNING: Unable to find an exact match for CDP version 130, returning the closest version; found: 129; Please update to a Selenium version that supports CDP version 130
Oct 30, 2024 11:57:51 AM com.cutanddry.qa.base.TestBase initialization
INFO: WebDriver initialized and navigated to the URL: https://app.cutanddry.com/
[TestNG-tests-1] INFO com.cutanddry.qa.base.KeywordBase - Sent keys to element: By.xpath: //input[@placeholder='Email or mobile'] with data: 415-505-5531
[TestNG-tests-1] INFO com.cutanddry.qa.base.KeywordBase - Sent keys to element: By.xpath: //input[@placeholder='Password'] with data: NovaN@123
[TestNG-tests-1] INFO com.cutanddry.qa.base.KeywordBase - Clicked on element: By.xpath: //button[@type='submit']
[TestNG-tests-1] INFO com.cutanddry.qa.base.KeywordBase - Waited for visibility of element: By.xpath: //div[text()='Place Order']
[TestNG-tests-1] INFO com.cutanddry.qa.base.KeywordBase - Element is displayed: By.xpath: //div[text()='Place Order']
[TestNG-tests-1] INFO com.cutanddry.qa.base.KeywordBase - Navigated to URL: https://internal.cutanddry.com/internaltools/loginas
[TestNG-tests-1] INFO com.cutanddry.qa.base.KeywordBase - Sent keys to element: By.xpath: //div[text()='Select...']/following::input[@type='text'] with data: 238822705
[TestNG-tests-1] INFO com.cutanddry.qa.base.KeywordBase - Element is displayed: By.xpath: //div[contains(@class, 'css-1n7v3ny-option') and contains(text(), '238822705')]
[TestNG-tests-1] INFO com.cutanddry.qa.base.KeywordBase - Clicked on element: By.xpath: //div[contains(@class, 'css-1n7v3ny-option') and contains(text(), '238822705')]
[TestNG-tests-1] INFO com.cutanddry.qa.base.KeywordBase - Got attribute 'href' value from element: By.xpath: //a[contains(text(), 'Login As')] - Value: https://dicarlo.cutanddry.com/loginas/user/238822705?access_token=NzA0Y2JiYjA4NTcyZWE3ZGFiZWVkZDQ5YTg5NDhhMTJiYTAwM2Y3NDk1YmRjZjU3YWJhM2ZjOTYzMGQzODVkZjE3MzAyNzMyODQ6MjA2MDM4MzUy
[TestNG-tests-1] INFO com.cutanddry.qa.base.KeywordBase - Navigated to URL: https://dicarlo.cutanddry.com/loginas/user/238822705?access_token=NzA0Y2JiYjA4NTcyZWE3ZGFiZWVkZDQ5YTg5NDhhMTJiYTAwM2Y3NDk1YmRjZjU3YWJhM2ZjOTYzMGQzODVkZjE3MzAyNzMyODQ6MjA2MDM4MzUy
[TestNG-tests-1] INFO com.cutanddry.qa.base.KeywordBase - Clicked on element: By.xpath: //a[@data-tip='Place Order']
[TestNG-tests-1] INFO com.cutanddry.qa.base.KeywordBase - Waited for visibility of element: By.xpath: //div[contains(text(),'Order Guide')]
[TestNG-tests-1] INFO com.cutanddry.qa.base.KeywordBase - Element is displayed: By.xpath: //div[contains(text(),'Order Guide')]
[TestNG-tests-1] INFO com.cutanddry.qa.base.KeywordBase - Waited for clickability of element: By.xpath: //button[contains(text(), 'Edit')]
[TestNG-tests-1] INFO com.cutanddry.qa.base.KeywordBase - Clicked on element: By.xpath: //button[contains(text(), 'Edit')]
[TestNG-tests-1] INFO com.cutanddry.qa.base.KeywordBase - Waited for visibility of element: By.xpath: //span[contains(text(), 'Edit Order Guide')]
[TestNG-tests-1] INFO com.cutanddry.qa.base.KeywordBase - Element is displayed: By.xpath: //span[contains(text(), 'Edit Order Guide')]
]]></system-err>
  </testcase>
  <testcase name="VerifyCustomerSearch" classname="com.cutanddry.qa.synthetic_monitoring.dicarlo.VerifyCustomerSearchTest" time="42.847">
    <system-err><![CDATA[Oct 30, 2024 11:58:31 AM com.cutanddry.qa.base.TestBase closeAllBrowsers
INFO: All browsers are closed.
Oct 30, 2024 11:58:31 AM org.openqa.selenium.manager.SeleniumManager lambda$runCommand$1
WARNING: The chromedriver version (129.0.6668.58) detected in PATH at /usr/local/bin/chromedriver might not be compatible with the detected chrome version (130.0.6723.91); currently, chromedriver 130.0.6723.91 is recommended for chrome 130.*, so it is advised to delete the driver in PATH and retry
Oct 30, 2024 11:58:32 AM org.openqa.selenium.devtools.CdpVersionFinder findNearestMatch
WARNING: Unable to find an exact match for CDP version 130, returning the closest version; found: 129; Please update to a Selenium version that supports CDP version 130
Oct 30, 2024 11:58:36 AM com.cutanddry.qa.base.TestBase initialization
INFO: WebDriver initialized and navigated to the URL: https://app.cutanddry.com/
[TestNG-tests-1] INFO com.cutanddry.qa.base.KeywordBase - Sent keys to element: By.xpath: //input[@placeholder='Email or mobile'] with data: 415-505-5531
[TestNG-tests-1] INFO com.cutanddry.qa.base.KeywordBase - Sent keys to element: By.xpath: //input[@placeholder='Password'] with data: NovaN@123
[TestNG-tests-1] INFO com.cutanddry.qa.base.KeywordBase - Clicked on element: By.xpath: //button[@type='submit']
[TestNG-tests-1] INFO com.cutanddry.qa.base.KeywordBase - Waited for visibility of element: By.xpath: //div[text()='Place Order']
[TestNG-tests-1] INFO com.cutanddry.qa.base.KeywordBase - Element is displayed: By.xpath: //div[text()='Place Order']
[TestNG-tests-1] INFO com.cutanddry.qa.base.KeywordBase - Navigated to URL: https://internal.cutanddry.com/internaltools/loginas
[TestNG-tests-1] INFO com.cutanddry.qa.base.KeywordBase - Sent keys to element: By.xpath: //div[text()='Select...']/following::input[@type='text'] with data: 238822705
[TestNG-tests-1] INFO com.cutanddry.qa.base.KeywordBase - Element is displayed: By.xpath: //div[contains(@class, 'css-1n7v3ny-option') and contains(text(), '238822705')]
[TestNG-tests-1] INFO com.cutanddry.qa.base.KeywordBase - Clicked on element: By.xpath: //div[contains(@class, 'css-1n7v3ny-option') and contains(text(), '238822705')]
[TestNG-tests-1] INFO com.cutanddry.qa.base.KeywordBase - Got attribute 'href' value from element: By.xpath: //a[contains(text(), 'Login As')] - Value: https://dicarlo.cutanddry.com/loginas/user/238822705?access_token=Y2YzZjQzZTY1MTVjMWJkOWYzZTdjYjEzOGQ1OWNjMmY3YTA5OWYxMTc1ZTRiYjA3MzAzMTViYmViZDFmYTQzYjE3MzAyNzMzMjk6MjA2MDM4MzUy
[TestNG-tests-1] INFO com.cutanddry.qa.base.KeywordBase - Navigated to URL: https://dicarlo.cutanddry.com/loginas/user/238822705?access_token=Y2YzZjQzZTY1MTVjMWJkOWYzZTdjYjEzOGQ1OWNjMmY3YTA5OWYxMTc1ZTRiYjA3MzAzMTViYmViZDFmYTQzYjE3MzAyNzMzMjk6MjA2MDM4MzUy
[TestNG-tests-1] INFO com.cutanddry.qa.base.KeywordBase - Clicked on element: By.xpath: //a[@data-tip='Place Order']
[TestNG-tests-1] INFO com.cutanddry.qa.base.KeywordBase - Waited for visibility of element: By.xpath: //div[contains(text(),'Order Guide')]
[TestNG-tests-1] INFO com.cutanddry.qa.base.KeywordBase - Element is displayed: By.xpath: //div[contains(text(),'Order Guide')]
[TestNG-tests-1] INFO com.cutanddry.qa.base.KeywordBase - Cleared element: By.xpath: //input[@placeholder='Search order guide...']
[TestNG-tests-1] INFO com.cutanddry.qa.base.KeywordBase - Sent keys to element: By.xpath: //input[@placeholder='Search order guide...'] with data: 12282
[TestNG-tests-1] INFO com.cutanddry.qa.base.KeywordBase - Waited for element By.xpath: //tbody[@class='border-0'] to be enabled.
[TestNG-tests-1] INFO com.cutanddry.qa.base.KeywordBase - Got text from element: By.xpath: //tbody[@class='border-0'] - Text: DAIRY
Butter Block Salt 3205
36 x 1lb | Cloverdale
12282
Case
2 CS
(10/28/24)
$134.11($3.73/lb)
]]></system-err>
  </testcase>
  <testcase name="VerifyTheDrafts" classname="com.cutanddry.qa.synthetic_monitoring.dicarlo.VerifyTheDraftsTest" time="13.867">
    <system-err><![CDATA[Oct 30, 2024 11:59:19 AM com.cutanddry.qa.base.TestBase closeAllBrowsers
INFO: All browsers are closed.
Oct 30, 2024 11:59:19 AM org.openqa.selenium.manager.SeleniumManager lambda$runCommand$1
WARNING: The chromedriver version (129.0.6668.58) detected in PATH at /usr/local/bin/chromedriver might not be compatible with the detected chrome version (130.0.6723.91); currently, chromedriver 130.0.6723.91 is recommended for chrome 130.*, so it is advised to delete the driver in PATH and retry
Oct 30, 2024 11:59:19 AM org.openqa.selenium.devtools.CdpVersionFinder findNearestMatch
WARNING: Unable to find an exact match for CDP version 130, returning the closest version; found: 129; Please update to a Selenium version that supports CDP version 130
Oct 30, 2024 11:59:23 AM com.cutanddry.qa.base.TestBase initialization
INFO: WebDriver initialized and navigated to the URL: https://app.cutanddry.com/
[TestNG-tests-1] INFO com.cutanddry.qa.base.KeywordBase - Sent keys to element: By.xpath: //input[@placeholder='Email or mobile'] with data: 415-505-5531
[TestNG-tests-1] INFO com.cutanddry.qa.base.KeywordBase - Sent keys to element: By.xpath: //input[@placeholder='Password'] with data: NovaN@123
[TestNG-tests-1] INFO com.cutanddry.qa.base.KeywordBase - Clicked on element: By.xpath: //button[@type='submit']
[TestNG-tests-1] INFO com.cutanddry.qa.base.KeywordBase - Waited for visibility of element: By.xpath: //div[text()='Place Order']
[TestNG-tests-1] INFO com.cutanddry.qa.base.KeywordBase - Element is displayed: By.xpath: //div[text()='Place Order']
[TestNG-tests-1] INFO com.cutanddry.qa.base.KeywordBase - Navigated to URL: https://internal.cutanddry.com/internaltools/loginas
[TestNG-tests-1] INFO com.cutanddry.qa.base.KeywordBase - Sent keys to element: By.xpath: //div[text()='Select...']/following::input[@type='text'] with data: 238822705
[TestNG-tests-1] INFO com.cutanddry.qa.base.KeywordBase - Element is displayed: By.xpath: //div[contains(@class, 'css-1n7v3ny-option') and contains(text(), '238822705')]
[TestNG-tests-1] INFO com.cutanddry.qa.base.KeywordBase - Clicked on element: By.xpath: //div[contains(@class, 'css-1n7v3ny-option') and contains(text(), '238822705')]
[TestNG-tests-1] INFO com.cutanddry.qa.base.KeywordBase - Got attribute 'href' value from element: By.xpath: //a[contains(text(), 'Login As')] - Value: https://dicarlo.cutanddry.com/loginas/user/238822705?access_token=OWQ3YjMyYTc5N2QzY2FjNTU0M2JiZGNjYWU0NzM2YTIwYjc3Yzk1MGIxYjViYzc2OGY4YjFlMzExZDhiNTM2NDE3MzAyNzMzNzQ6MjA2MDM4MzUy
[TestNG-tests-1] INFO com.cutanddry.qa.base.KeywordBase - Navigated to URL: https://dicarlo.cutanddry.com/loginas/user/238822705?access_token=OWQ3YjMyYTc5N2QzY2FjNTU0M2JiZGNjYWU0NzM2YTIwYjc3Yzk1MGIxYjViYzc2OGY4YjFlMzExZDhiNTM2NDE3MzAyNzMzNzQ6MjA2MDM4MzUy
[TestNG-tests-1] INFO com.cutanddry.qa.base.KeywordBase - Clicked on element: By.xpath: //a[@data-tip='View Drafts']
[TestNG-tests-1] INFO com.cutanddry.qa.base.KeywordBase - Waited for visibility of element: By.xpath: //li[contains(text(),'Drafts')]
[TestNG-tests-1] INFO com.cutanddry.qa.base.KeywordBase - Element is displayed: By.xpath: //li[contains(text(),'Drafts')]
]]></system-err>
  </testcase>
  <testcase name="VerifyTheChat" classname="com.cutanddry.qa.synthetic_monitoring.dicarlo.VerifyTheChatTest" time="16.969">
    <system-err><![CDATA[Oct 30, 2024 11:59:37 AM com.cutanddry.qa.base.TestBase closeAllBrowsers
INFO: All browsers are closed.
Oct 30, 2024 11:59:37 AM org.openqa.selenium.manager.SeleniumManager lambda$runCommand$1
WARNING: The chromedriver version (129.0.6668.58) detected in PATH at /usr/local/bin/chromedriver might not be compatible with the detected chrome version (130.0.6723.91); currently, chromedriver 130.0.6723.91 is recommended for chrome 130.*, so it is advised to delete the driver in PATH and retry
Oct 30, 2024 11:59:38 AM org.openqa.selenium.devtools.CdpVersionFinder findNearestMatch
WARNING: Unable to find an exact match for CDP version 130, returning the closest version; found: 129; Please update to a Selenium version that supports CDP version 130
Oct 30, 2024 11:59:41 AM com.cutanddry.qa.base.TestBase initialization
INFO: WebDriver initialized and navigated to the URL: https://app.cutanddry.com/
[TestNG-tests-1] INFO com.cutanddry.qa.base.KeywordBase - Sent keys to element: By.xpath: //input[@placeholder='Email or mobile'] with data: 415-505-5531
[TestNG-tests-1] INFO com.cutanddry.qa.base.KeywordBase - Sent keys to element: By.xpath: //input[@placeholder='Password'] with data: NovaN@123
[TestNG-tests-1] INFO com.cutanddry.qa.base.KeywordBase - Clicked on element: By.xpath: //button[@type='submit']
[TestNG-tests-1] INFO com.cutanddry.qa.base.KeywordBase - Waited for visibility of element: By.xpath: //div[text()='Place Order']
[TestNG-tests-1] INFO com.cutanddry.qa.base.KeywordBase - Element is displayed: By.xpath: //div[text()='Place Order']
[TestNG-tests-1] INFO com.cutanddry.qa.base.KeywordBase - Navigated to URL: https://internal.cutanddry.com/internaltools/loginas
[TestNG-tests-1] INFO com.cutanddry.qa.base.KeywordBase - Sent keys to element: By.xpath: //div[text()='Select...']/following::input[@type='text'] with data: 238822705
[TestNG-tests-1] INFO com.cutanddry.qa.base.KeywordBase - Element is displayed: By.xpath: //div[contains(@class, 'css-1n7v3ny-option') and contains(text(), '238822705')]
[TestNG-tests-1] INFO com.cutanddry.qa.base.KeywordBase - Clicked on element: By.xpath: //div[contains(@class, 'css-1n7v3ny-option') and contains(text(), '238822705')]
[TestNG-tests-1] INFO com.cutanddry.qa.base.KeywordBase - Got attribute 'href' value from element: By.xpath: //a[contains(text(), 'Login As')] - Value: https://dicarlo.cutanddry.com/loginas/user/238822705?access_token=ZWJiMjMxZWM4NzU1NWVlZDUyZDFkNmI4MzQ4NGFjZTk5NmRjYTBmYjFhMGUzMTMwNGNmZGZkYmY2NjgzZGI2NTE3MzAyNzMzOTM6MjA2MDM4MzUy
[TestNG-tests-1] INFO com.cutanddry.qa.base.KeywordBase - Navigated to URL: https://dicarlo.cutanddry.com/loginas/user/238822705?access_token=ZWJiMjMxZWM4NzU1NWVlZDUyZDFkNmI4MzQ4NGFjZTk5NmRjYTBmYjFhMGUzMTMwNGNmZGZkYmY2NjgzZGI2NTE3MzAyNzMzOTM6MjA2MDM4MzUy
[TestNG-tests-1] INFO com.cutanddry.qa.base.KeywordBase - Clicked on element: By.xpath: //a[contains(translate(@data-tip, 'CHAT', 'chat'), 'chat')]
[TestNG-tests-1] INFO com.cutanddry.qa.base.KeywordBase - Waited for visibility of element: By.xpath: //input[@placeholder='Message...' and @type='text']
[TestNG-tests-1] INFO com.cutanddry.qa.base.KeywordBase - Element is displayed: By.xpath: //input[@placeholder='Message...' and @type='text']
]]></system-err>
  </testcase>
  <testcase name="VerifyProfileSettings" classname="com.cutanddry.qa.synthetic_monitoring.dicarlo.VerifySettingsProfileTest" time="16.965">
    <system-err><![CDATA[Oct 30, 2024 11:59:59 AM com.cutanddry.qa.base.TestBase closeAllBrowsers
INFO: All browsers are closed.
Oct 30, 2024 11:59:59 AM org.openqa.selenium.manager.SeleniumManager lambda$runCommand$1
WARNING: The chromedriver version (129.0.6668.58) detected in PATH at /usr/local/bin/chromedriver might not be compatible with the detected chrome version (130.0.6723.91); currently, chromedriver 130.0.6723.91 is recommended for chrome 130.*, so it is advised to delete the driver in PATH and retry
Oct 30, 2024 11:59:59 AM org.openqa.selenium.devtools.CdpVersionFinder findNearestMatch
WARNING: Unable to find an exact match for CDP version 130, returning the closest version; found: 129; Please update to a Selenium version that supports CDP version 130
Oct 30, 2024 12:00:03 PM com.cutanddry.qa.base.TestBase initialization
INFO: WebDriver initialized and navigated to the URL: https://app.cutanddry.com/
[TestNG-tests-1] INFO com.cutanddry.qa.base.KeywordBase - Sent keys to element: By.xpath: //input[@placeholder='Email or mobile'] with data: 415-505-5531
[TestNG-tests-1] INFO com.cutanddry.qa.base.KeywordBase - Sent keys to element: By.xpath: //input[@placeholder='Password'] with data: NovaN@123
[TestNG-tests-1] INFO com.cutanddry.qa.base.KeywordBase - Clicked on element: By.xpath: //button[@type='submit']
[TestNG-tests-1] INFO com.cutanddry.qa.base.KeywordBase - Waited for visibility of element: By.xpath: //div[text()='Place Order']
[TestNG-tests-1] INFO com.cutanddry.qa.base.KeywordBase - Element is displayed: By.xpath: //div[text()='Place Order']
[TestNG-tests-1] INFO com.cutanddry.qa.base.KeywordBase - Navigated to URL: https://internal.cutanddry.com/internaltools/loginas
[TestNG-tests-1] INFO com.cutanddry.qa.base.KeywordBase - Sent keys to element: By.xpath: //div[text()='Select...']/following::input[@type='text'] with data: 238822705
[TestNG-tests-1] INFO com.cutanddry.qa.base.KeywordBase - Element is displayed: By.xpath: //div[contains(@class, 'css-1n7v3ny-option') and contains(text(), '238822705')]
[TestNG-tests-1] INFO com.cutanddry.qa.base.KeywordBase - Clicked on element: By.xpath: //div[contains(@class, 'css-1n7v3ny-option') and contains(text(), '238822705')]
[TestNG-tests-1] INFO com.cutanddry.qa.base.KeywordBase - Got attribute 'href' value from element: By.xpath: //a[contains(text(), 'Login As')] - Value: https://dicarlo.cutanddry.com/loginas/user/238822705?access_token=ZTJmMjRjNmZlNzg1N2M3OWFhMzIyYWJlN2YwNGU5NTNiMWY5NzdlZDY0YTFkMTM5NWU5ZmQxNDc2MTQ1YmQ4MzE3MzAyNzM0MTU6MjA2MDM4MzUy
[TestNG-tests-1] INFO com.cutanddry.qa.base.KeywordBase - Navigated to URL: https://dicarlo.cutanddry.com/loginas/user/238822705?access_token=ZTJmMjRjNmZlNzg1N2M3OWFhMzIyYWJlN2YwNGU5NTNiMWY5NzdlZDY0YTFkMTM5NWU5ZmQxNDc2MTQ1YmQ4MzE3MzAyNzM0MTU6MjA2MDM4MzUy
[TestNG-tests-1] INFO com.cutanddry.qa.base.KeywordBase - Scrolled to element: By.xpath: //a[@role='button' and contains(text(), 'Settings')]
[TestNG-tests-1] INFO com.cutanddry.qa.base.KeywordBase - Clicked using JavaScript on element: By.xpath: //a[@role='button' and contains(text(), 'Settings')]
[TestNG-tests-1] INFO com.cutanddry.qa.base.KeywordBase - Hovered over element: By.xpath: //div[@arrowprops]//a[text()='Profile']
[TestNG-tests-1] INFO com.cutanddry.qa.base.KeywordBase - Clicked on element: By.xpath: //div[@arrowprops]//a[text()='Profile']
[TestNG-tests-1] INFO com.cutanddry.qa.base.KeywordBase - Waited for visibility of element: By.xpath: //h2[contains(text(),'Profile')]
[TestNG-tests-1] INFO com.cutanddry.qa.base.KeywordBase - Element is displayed: By.xpath: //h2[contains(text(),'Profile')]
]]></system-err>
  </testcase>
  <testcase name="VerifySettingsRestaurant" classname="com.cutanddry.qa.synthetic_monitoring.dicarlo.VerifySettingsRestaurantTest" time="17.013">
    <system-err><![CDATA[Oct 30, 2024 12:00:20 PM com.cutanddry.qa.base.TestBase closeAllBrowsers
INFO: All browsers are closed.
Oct 30, 2024 12:00:20 PM org.openqa.selenium.manager.SeleniumManager lambda$runCommand$1
WARNING: The chromedriver version (129.0.6668.58) detected in PATH at /usr/local/bin/chromedriver might not be compatible with the detected chrome version (130.0.6723.91); currently, chromedriver 130.0.6723.91 is recommended for chrome 130.*, so it is advised to delete the driver in PATH and retry
Oct 30, 2024 12:00:21 PM org.openqa.selenium.devtools.CdpVersionFinder findNearestMatch
WARNING: Unable to find an exact match for CDP version 130, returning the closest version; found: 129; Please update to a Selenium version that supports CDP version 130
Oct 30, 2024 12:00:24 PM com.cutanddry.qa.base.TestBase initialization
INFO: WebDriver initialized and navigated to the URL: https://app.cutanddry.com/
[TestNG-tests-1] INFO com.cutanddry.qa.base.KeywordBase - Sent keys to element: By.xpath: //input[@placeholder='Email or mobile'] with data: 415-505-5531
[TestNG-tests-1] INFO com.cutanddry.qa.base.KeywordBase - Sent keys to element: By.xpath: //input[@placeholder='Password'] with data: NovaN@123
[TestNG-tests-1] INFO com.cutanddry.qa.base.KeywordBase - Clicked on element: By.xpath: //button[@type='submit']
[TestNG-tests-1] INFO com.cutanddry.qa.base.KeywordBase - Waited for visibility of element: By.xpath: //div[text()='Place Order']
[TestNG-tests-1] INFO com.cutanddry.qa.base.KeywordBase - Element is displayed: By.xpath: //div[text()='Place Order']
[TestNG-tests-1] INFO com.cutanddry.qa.base.KeywordBase - Navigated to URL: https://internal.cutanddry.com/internaltools/loginas
[TestNG-tests-1] INFO com.cutanddry.qa.base.KeywordBase - Sent keys to element: By.xpath: //div[text()='Select...']/following::input[@type='text'] with data: 238822705
[TestNG-tests-1] INFO com.cutanddry.qa.base.KeywordBase - Element is displayed: By.xpath: //div[contains(@class, 'css-1n7v3ny-option') and contains(text(), '238822705')]
[TestNG-tests-1] INFO com.cutanddry.qa.base.KeywordBase - Clicked on element: By.xpath: //div[contains(@class, 'css-1n7v3ny-option') and contains(text(), '238822705')]
[TestNG-tests-1] INFO com.cutanddry.qa.base.KeywordBase - Got attribute 'href' value from element: By.xpath: //a[contains(text(), 'Login As')] - Value: https://dicarlo.cutanddry.com/loginas/user/238822705?access_token=MmUyNjYwOTc2ZTZkYmRhNjllY2M0MjI4YWVmOWJmY2M2NTk2NDUzYTNhMzI2MWY0YmJmYTJjNzg4N2QzZTEzMzE3MzAyNzM0MzU6MjA2MDM4MzUy
[TestNG-tests-1] INFO com.cutanddry.qa.base.KeywordBase - Navigated to URL: https://dicarlo.cutanddry.com/loginas/user/238822705?access_token=MmUyNjYwOTc2ZTZkYmRhNjllY2M0MjI4YWVmOWJmY2M2NTk2NDUzYTNhMzI2MWY0YmJmYTJjNzg4N2QzZTEzMzE3MzAyNzM0MzU6MjA2MDM4MzUy
[TestNG-tests-1] INFO com.cutanddry.qa.base.KeywordBase - Scrolled to element: By.xpath: //a[@role='button' and contains(text(), 'Settings')]
[TestNG-tests-1] INFO com.cutanddry.qa.base.KeywordBase - Clicked using JavaScript on element: By.xpath: //a[@role='button' and contains(text(), 'Settings')]
[TestNG-tests-1] INFO com.cutanddry.qa.base.KeywordBase - Hovered over element: By.xpath: //div[@arrowprops]//a[text()='Restaurant']
[TestNG-tests-1] INFO com.cutanddry.qa.base.KeywordBase - Clicked on element: By.xpath: //div[@arrowprops]//a[text()='Restaurant']
[TestNG-tests-1] INFO com.cutanddry.qa.base.KeywordBase - Waited for visibility of element: By.xpath: //h2[contains(text(),'Company Settings')]
[TestNG-tests-1] INFO com.cutanddry.qa.base.KeywordBase - Element is displayed: By.xpath: //h2[contains(text(),'Company Settings')]
]]></system-err>
  </testcase>
  <testcase name="VerifySettingsLocation" classname="com.cutanddry.qa.synthetic_monitoring.dicarlo.VerifySettingsLocationTest" time="16.681">
    <system-err><![CDATA[Oct 30, 2024 12:00:42 PM com.cutanddry.qa.base.TestBase closeAllBrowsers
INFO: All browsers are closed.
Oct 30, 2024 12:00:42 PM org.openqa.selenium.manager.SeleniumManager lambda$runCommand$1
WARNING: The chromedriver version (129.0.6668.58) detected in PATH at /usr/local/bin/chromedriver might not be compatible with the detected chrome version (130.0.6723.91); currently, chromedriver 130.0.6723.91 is recommended for chrome 130.*, so it is advised to delete the driver in PATH and retry
Oct 30, 2024 12:00:42 PM org.openqa.selenium.devtools.CdpVersionFinder findNearestMatch
WARNING: Unable to find an exact match for CDP version 130, returning the closest version; found: 129; Please update to a Selenium version that supports CDP version 130
Oct 30, 2024 12:00:46 PM com.cutanddry.qa.base.TestBase initialization
INFO: WebDriver initialized and navigated to the URL: https://app.cutanddry.com/
[TestNG-tests-1] INFO com.cutanddry.qa.base.KeywordBase - Sent keys to element: By.xpath: //input[@placeholder='Email or mobile'] with data: 415-505-5531
[TestNG-tests-1] INFO com.cutanddry.qa.base.KeywordBase - Sent keys to element: By.xpath: //input[@placeholder='Password'] with data: NovaN@123
[TestNG-tests-1] INFO com.cutanddry.qa.base.KeywordBase - Clicked on element: By.xpath: //button[@type='submit']
[TestNG-tests-1] INFO com.cutanddry.qa.base.KeywordBase - Waited for visibility of element: By.xpath: //div[text()='Place Order']
[TestNG-tests-1] INFO com.cutanddry.qa.base.KeywordBase - Element is displayed: By.xpath: //div[text()='Place Order']
[TestNG-tests-1] INFO com.cutanddry.qa.base.KeywordBase - Navigated to URL: https://internal.cutanddry.com/internaltools/loginas
[TestNG-tests-1] INFO com.cutanddry.qa.base.KeywordBase - Sent keys to element: By.xpath: //div[text()='Select...']/following::input[@type='text'] with data: 238822705
[TestNG-tests-1] INFO com.cutanddry.qa.base.KeywordBase - Element is displayed: By.xpath: //div[contains(@class, 'css-1n7v3ny-option') and contains(text(), '238822705')]
[TestNG-tests-1] INFO com.cutanddry.qa.base.KeywordBase - Clicked on element: By.xpath: //div[contains(@class, 'css-1n7v3ny-option') and contains(text(), '238822705')]
[TestNG-tests-1] INFO com.cutanddry.qa.base.KeywordBase - Got attribute 'href' value from element: By.xpath: //a[contains(text(), 'Login As')] - Value: https://dicarlo.cutanddry.com/loginas/user/238822705?access_token=OTJjMzcxMDQ2MTE2ODBiNzg3YTFmYzUwZTcwNjg3OTNkNmViZWUwYWViOWQ1ODIxMjkxNzNlZjM1YjRhMDU0YTE3MzAyNzM0NTc6MjA2MDM4MzUy
[TestNG-tests-1] INFO com.cutanddry.qa.base.KeywordBase - Navigated to URL: https://dicarlo.cutanddry.com/loginas/user/238822705?access_token=OTJjMzcxMDQ2MTE2ODBiNzg3YTFmYzUwZTcwNjg3OTNkNmViZWUwYWViOWQ1ODIxMjkxNzNlZjM1YjRhMDU0YTE3MzAyNzM0NTc6MjA2MDM4MzUy
[TestNG-tests-1] INFO com.cutanddry.qa.base.KeywordBase - Scrolled to element: By.xpath: //a[@role='button' and contains(text(), 'Settings')]
[TestNG-tests-1] INFO com.cutanddry.qa.base.KeywordBase - Clicked using JavaScript on element: By.xpath: //a[@role='button' and contains(text(), 'Settings')]
[TestNG-tests-1] INFO com.cutanddry.qa.base.KeywordBase - Hovered over element: By.xpath: //div[@arrowprops]//a[text()='Locations']
[TestNG-tests-1] INFO com.cutanddry.qa.base.KeywordBase - Clicked on element: By.xpath: //div[@arrowprops]//a[text()='Locations']
[TestNG-tests-1] INFO com.cutanddry.qa.base.KeywordBase - Waited for visibility of element: By.xpath: //h2[contains(text(),'Location')]
[TestNG-tests-1] INFO com.cutanddry.qa.base.KeywordBase - Element is displayed: By.xpath: //h2[contains(text(),'Location')]
]]></system-err>
  </testcase>
  <testcase name="VerifyTheHistory" classname="com.cutanddry.qa.synthetic_monitoring.dicarlo.VerifyTheHistoryTest" time="15.821">
    <system-err><![CDATA[Oct 30, 2024 12:01:03 PM com.cutanddry.qa.base.TestBase closeAllBrowsers
INFO: All browsers are closed.
Oct 30, 2024 12:01:03 PM org.openqa.selenium.manager.SeleniumManager lambda$runCommand$1
WARNING: The chromedriver version (129.0.6668.58) detected in PATH at /usr/local/bin/chromedriver might not be compatible with the detected chrome version (130.0.6723.91); currently, chromedriver 130.0.6723.91 is recommended for chrome 130.*, so it is advised to delete the driver in PATH and retry
Oct 30, 2024 12:01:04 PM org.openqa.selenium.devtools.CdpVersionFinder findNearestMatch
WARNING: Unable to find an exact match for CDP version 130, returning the closest version; found: 129; Please update to a Selenium version that supports CDP version 130
Oct 30, 2024 12:01:08 PM com.cutanddry.qa.base.TestBase initialization
INFO: WebDriver initialized and navigated to the URL: https://app.cutanddry.com/
[TestNG-tests-1] INFO com.cutanddry.qa.base.KeywordBase - Sent keys to element: By.xpath: //input[@placeholder='Email or mobile'] with data: 415-505-5531
[TestNG-tests-1] INFO com.cutanddry.qa.base.KeywordBase - Sent keys to element: By.xpath: //input[@placeholder='Password'] with data: NovaN@123
[TestNG-tests-1] INFO com.cutanddry.qa.base.KeywordBase - Clicked on element: By.xpath: //button[@type='submit']
[TestNG-tests-1] INFO com.cutanddry.qa.base.KeywordBase - Waited for visibility of element: By.xpath: //div[text()='Place Order']
[TestNG-tests-1] INFO com.cutanddry.qa.base.KeywordBase - Element is displayed: By.xpath: //div[text()='Place Order']
[TestNG-tests-1] INFO com.cutanddry.qa.base.KeywordBase - Navigated to URL: https://internal.cutanddry.com/internaltools/loginas
[TestNG-tests-1] INFO com.cutanddry.qa.base.KeywordBase - Sent keys to element: By.xpath: //div[text()='Select...']/following::input[@type='text'] with data: 238822705
[TestNG-tests-1] INFO com.cutanddry.qa.base.KeywordBase - Element is displayed: By.xpath: //div[contains(@class, 'css-1n7v3ny-option') and contains(text(), '238822705')]
[TestNG-tests-1] INFO com.cutanddry.qa.base.KeywordBase - Clicked on element: By.xpath: //div[contains(@class, 'css-1n7v3ny-option') and contains(text(), '238822705')]
[TestNG-tests-1] INFO com.cutanddry.qa.base.KeywordBase - Got attribute 'href' value from element: By.xpath: //a[contains(text(), 'Login As')] - Value: https://dicarlo.cutanddry.com/loginas/user/238822705?access_token=NmM1NzYyNWU3N2Q2YzYwYzlhNDk0MTE1NDhkNmQ0ZmNhNzMxZTU4NDE5MTZiZTUyZGEzMjE0MWMxMjExOWM5MzE3MzAyNzM0ODA6MjA2MDM4MzUy
[TestNG-tests-1] INFO com.cutanddry.qa.base.KeywordBase - Navigated to URL: https://dicarlo.cutanddry.com/loginas/user/238822705?access_token=NmM1NzYyNWU3N2Q2YzYwYzlhNDk0MTE1NDhkNmQ0ZmNhNzMxZTU4NDE5MTZiZTUyZGEzMjE0MWMxMjExOWM5MzE3MzAyNzM0ODA6MjA2MDM4MzUy
[TestNG-tests-1] INFO com.cutanddry.qa.base.KeywordBase - Clicked on element: By.xpath: //a[@data-tip='Order History']
[TestNG-tests-1] INFO com.cutanddry.qa.base.KeywordBase - Waited for visibility of element: By.xpath: //h2[contains(text(),'Order History')]
[TestNG-tests-1] INFO com.cutanddry.qa.base.KeywordBase - Element is displayed: By.xpath: //h2[contains(text(),'Order History')]
]]></system-err>
  </testcase>
  <testcase name="VerifyTheUsers" classname="com.cutanddry.qa.synthetic_monitoring.dicarlo.VerifyTheUsersTest" time="14.691">
    <system-err><![CDATA[Oct 30, 2024 12:01:24 PM com.cutanddry.qa.base.TestBase closeAllBrowsers
INFO: All browsers are closed.
Oct 30, 2024 12:01:24 PM org.openqa.selenium.manager.SeleniumManager lambda$runCommand$1
WARNING: The chromedriver version (129.0.6668.58) detected in PATH at /usr/local/bin/chromedriver might not be compatible with the detected chrome version (130.0.6723.91); currently, chromedriver 130.0.6723.91 is recommended for chrome 130.*, so it is advised to delete the driver in PATH and retry
Oct 30, 2024 12:01:25 PM org.openqa.selenium.devtools.CdpVersionFinder findNearestMatch
WARNING: Unable to find an exact match for CDP version 130, returning the closest version; found: 129; Please update to a Selenium version that supports CDP version 130
Oct 30, 2024 12:01:29 PM com.cutanddry.qa.base.TestBase initialization
INFO: WebDriver initialized and navigated to the URL: https://app.cutanddry.com/
[TestNG-tests-1] INFO com.cutanddry.qa.base.KeywordBase - Sent keys to element: By.xpath: //input[@placeholder='Email or mobile'] with data: 415-505-5531
[TestNG-tests-1] INFO com.cutanddry.qa.base.KeywordBase - Sent keys to element: By.xpath: //input[@placeholder='Password'] with data: NovaN@123
[TestNG-tests-1] INFO com.cutanddry.qa.base.KeywordBase - Clicked on element: By.xpath: //button[@type='submit']
[TestNG-tests-1] INFO com.cutanddry.qa.base.KeywordBase - Waited for visibility of element: By.xpath: //div[text()='Place Order']
[TestNG-tests-1] INFO com.cutanddry.qa.base.KeywordBase - Element is displayed: By.xpath: //div[text()='Place Order']
[TestNG-tests-1] INFO com.cutanddry.qa.base.KeywordBase - Navigated to URL: https://internal.cutanddry.com/internaltools/loginas
[TestNG-tests-1] INFO com.cutanddry.qa.base.KeywordBase - Sent keys to element: By.xpath: //div[text()='Select...']/following::input[@type='text'] with data: 238822705
[TestNG-tests-1] INFO com.cutanddry.qa.base.KeywordBase - Element is displayed: By.xpath: //div[contains(@class, 'css-1n7v3ny-option') and contains(text(), '238822705')]
[TestNG-tests-1] INFO com.cutanddry.qa.base.KeywordBase - Clicked on element: By.xpath: //div[contains(@class, 'css-1n7v3ny-option') and contains(text(), '238822705')]
[TestNG-tests-1] INFO com.cutanddry.qa.base.KeywordBase - Got attribute 'href' value from element: By.xpath: //a[contains(text(), 'Login As')] - Value: https://dicarlo.cutanddry.com/loginas/user/238822705?access_token=OGI0NDFhOTZjOTdhOTdkZjBkOWYxMTMyZGVmNGEzZjZmMjBiZDk3ZjM3OTIzODBlYmI3NWI3MTU0ODI5ZWUwMTE3MzAyNzM1MDA6MjA2MDM4MzUy
[TestNG-tests-1] INFO com.cutanddry.qa.base.KeywordBase - Navigated to URL: https://dicarlo.cutanddry.com/loginas/user/238822705?access_token=OGI0NDFhOTZjOTdhOTdkZjBkOWYxMTMyZGVmNGEzZjZmMjBiZDk3ZjM3OTIzODBlYmI3NWI3MTU0ODI5ZWUwMTE3MzAyNzM1MDA6MjA2MDM4MzUy
[TestNG-tests-1] INFO com.cutanddry.qa.base.KeywordBase - Waited for visibility of element: By.xpath: //a[@data-tip='Team']
[TestNG-tests-1] INFO com.cutanddry.qa.base.KeywordBase - Clicked on element: By.xpath: //a[@data-tip='Team']
[TestNG-tests-1] INFO com.cutanddry.qa.base.KeywordBase - Waited for visibility of element: By.xpath: //h2[contains(text(),'Team')]
[TestNG-tests-1] INFO com.cutanddry.qa.base.KeywordBase - Element is displayed: By.xpath: //h2[contains(text(),'Team')]
]]></system-err>
  </testcase>
</testsuite>