<?xml version="1.0" encoding="UTF-8"?>
<!-- Generated by org.testng.reporters.JUnitReportReporter -->
<testsuite hostname="Senuris-MacBook-Pro.local" failures="0" tests="1" name="com.cutanddry.qa.synthetic_monitoring.driscoll_foods.VerifySettingsProfileTest" time="23.522" errors="0" timestamp="2024-10-29T14:27:52 IST" skipped="0">
  <testcase classname="com.cutanddry.qa.synthetic_monitoring.driscoll_foods.VerifySettingsProfileTest" name="VerifyProfileSettings" time="23.522"/>
</testsuite> <!-- com.cutanddry.qa.synthetic_monitoring.driscoll_foods.VerifySettingsProfileTest -->
