<?xml version="1.0" encoding="UTF-8"?>
<!-- Generated by org.testng.reporters.JUnitReportReporter -->
<testsuite hostname="Senuris-MacBook-Pro.local" failures="0" tests="1" name="com.cutanddry.qa.synthetic_monitoring.driscoll_foods.VerifyTheUsersTest" time="21.851" errors="0" timestamp="2024-10-29T14:27:52 IST" skipped="0">
  <testcase classname="com.cutanddry.qa.synthetic_monitoring.driscoll_foods.VerifyTheUsersTest" name="VerifyTheUsers" time="21.851"/>
</testsuite> <!-- com.cutanddry.qa.synthetic_monitoring.driscoll_foods.VerifyTheUsersTest -->
