<?xml version="1.0" encoding="UTF-8"?>
<!-- Generated by org.testng.reporters.JUnitReportReporter -->
<testsuite hostname="Senuris-MacBook-Pro.local" failures="0" tests="1" name="com.cutanddry.qa.synthetic_monitoring.birite.VerifyTheSupportTest" time="24.761" errors="0" timestamp="2024-10-30T12:40:24 IST" skipped="0">
  <testcase classname="com.cutanddry.qa.synthetic_monitoring.birite.VerifyTheSupportTest" name="VerifyTheSupport" time="24.761"/>
</testsuite> <!-- com.cutanddry.qa.synthetic_monitoring.birite.VerifyTheSupportTest -->
