<?xml version="1.0" encoding="UTF-8"?>
<!-- Generated by org.testng.reporters.JUnitReportReporter -->
<testsuite hostname="Senuris-MacBook-Pro.local" failures="0" tests="1" name="com.cutanddry.qa.tests.OrderGuide.EditProductQtyFrmCatalogTest" time="110.250" errors="0" timestamp="2024-09-26T17:47:33 IST" skipped="0">
  <testcase classname="com.cutanddry.qa.tests.OrderGuide.EditProductQtyFrmCatalogTest" name="editProductQtyFrmCatalog" time="110.250"/>
</testsuite> <!-- com.cutanddry.qa.tests.OrderGuide.EditProductQtyFrmCatalogTest -->
