<?xml version="1.0" encoding="UTF-8"?>
<!-- Generated by org.testng.reporters.JUnitReportReporter -->
<testsuite hostname="Senuris-MacBook-Pro.local" failures="0" tests="1" name="com.cutanddry.qa.synthetic_monitoring.dicarlo.VerifySettingsRestaurantTest" time="21.551" errors="0" timestamp="2024-10-30T12:01:44 IST" skipped="0">
  <testcase classname="com.cutanddry.qa.synthetic_monitoring.dicarlo.VerifySettingsRestaurantTest" name="VerifySettingsRestaurant" time="21.551"/>
</testsuite> <!-- com.cutanddry.qa.synthetic_monitoring.dicarlo.VerifySettingsRestaurantTest -->
