<?xml version="1.0" encoding="UTF-8"?>
<!-- Generated by org.testng.reporters.JUnitReportReporter -->
<testsuite hostname="Senuris-MacBook-Pro.local" failures="0" tests="1" name="com.cutanddry.qa.synthetic_monitoring.dicarlo.VerifyTheHistoryTest" time="21.103" errors="0" timestamp="2024-10-30T12:01:44 IST" skipped="0">
  <testcase classname="com.cutanddry.qa.synthetic_monitoring.dicarlo.VerifyTheHistoryTest" name="VerifyTheHistory" time="21.103"/>
</testsuite> <!-- com.cutanddry.qa.synthetic_monitoring.dicarlo.VerifyTheHistoryTest -->
